[11:09:19] [main/INFO]: Loaded 0 recipes
[11:09:19] [Server thread/INFO]: Starting minecraft server version 1.13.2
[11:09:19] [Server thread/INFO]: Loading properties
[11:09:19] [Server thread/INFO]: Default game type: SURVIVAL
[11:09:20] [Server thread/INFO]: This server is running CraftBukkit version git-Spigot-2474d93-e693496 (MC: 1.13.2) (Implementing API version 1.13.2-R0.1-SNAPSHOT)
[11:09:20] [Server thread/INFO]: Debug logging is disabled
[11:09:20] [Server thread/INFO]: Server Ping Player Sample Count: 12
[11:09:20] [Server thread/INFO]: Using 4 threads for Netty based IO
[11:09:20] [Server thread/INFO]: Generating keypair
[11:09:20] [Server thread/INFO]: Starting Minecraft server on *:25565
[11:09:20] [Server thread/INFO]: Using default channel type
[11:09:25] [Server thread/INFO]: Set PluginClassLoader as parallel capable
[11:09:25] [Server thread/ERROR]: Could not load 'plugins/facecraft-plugin-1.0-SNAPSHOT.jar' in folder 'plugins'
org.bukkit.plugin.InvalidPluginException: Cannot find main class `uk.co.olbois.facecraftplugin.FacecraftPluginKt'
	at org.bukkit.plugin.java.PluginClassLoader.<init>(PluginClassLoader.java:80) ~[spigot.jar:git-Spigot-2474d93-e693496]
	at org.bukkit.plugin.java.JavaPluginLoader.loadPlugin(JavaPluginLoader.java:131) ~[spigot.jar:git-Spigot-2474d93-e693496]
	at org.bukkit.plugin.SimplePluginManager.loadPlugin(SimplePluginManager.java:327) ~[spigot.jar:git-Spigot-2474d93-e693496]
	at org.bukkit.plugin.SimplePluginManager.loadPlugins(SimplePluginManager.java:248) [spigot.jar:git-Spigot-2474d93-e693496]
	at org.bukkit.craftbukkit.v1_13_R2.CraftServer.loadPlugins(CraftServer.java:320) [spigot.jar:git-Spigot-2474d93-e693496]
	at net.minecraft.server.v1_13_R2.DedicatedServer.init(DedicatedServer.java:213) [spigot.jar:git-Spigot-2474d93-e693496]
	at net.minecraft.server.v1_13_R2.MinecraftServer.run(MinecraftServer.java:702) [spigot.jar:git-Spigot-2474d93-e693496]
	at java.lang.Thread.run(Thread.java:844) [?:?]
Caused by: java.lang.ClassNotFoundException: uk.co.olbois.facecraftplugin.FacecraftPluginKt
	at java.net.URLClassLoader.findClass(URLClassLoader.java:466) ~[?:?]
	at org.bukkit.plugin.java.PluginClassLoader.findClass(PluginClassLoader.java:154) ~[spigot.jar:git-Spigot-2474d93-e693496]
	at org.bukkit.plugin.java.PluginClassLoader.findClass(PluginClassLoader.java:100) ~[spigot.jar:git-Spigot-2474d93-e693496]
	at java.lang.ClassLoader.loadClass(ClassLoader.java:566) ~[?:?]
	at java.lang.ClassLoader.loadClass(ClassLoader.java:499) ~[?:?]
	at java.lang.Class.forName0(Native Method) ~[?:?]
	at java.lang.Class.forName(Class.java:374) ~[?:?]
	at org.bukkit.plugin.java.PluginClassLoader.<init>(PluginClassLoader.java:78) ~[spigot.jar:git-Spigot-2474d93-e693496]
	... 7 more
[11:09:25] [Server thread/INFO]: **** Beginning UUID conversion, this may take A LONG time ****
[11:09:25] [Server thread/INFO]: Preparing level "world"
[11:09:25] [Server thread/INFO]: Reloading ResourceManager: Default, bukkit
[11:09:26] [Server thread/INFO]: Loaded 524 recipes
[11:09:26] [Server thread/INFO]: -------- World Settings For [world] --------
[11:09:26] [Server thread/INFO]: Allow Zombie Pigmen to spawn from portal blocks: true
[11:09:26] [Server thread/INFO]: Item Merge Radius: 2.5
[11:09:26] [Server thread/INFO]: Item Despawn Rate: 6000
[11:09:26] [Server thread/INFO]: Zombie Aggressive Towards Villager: true
[11:09:26] [Server thread/INFO]: Experience Merge Radius: 3.0
[11:09:26] [Server thread/INFO]: Arrow Despawn Rate: 1200
[11:09:26] [Server thread/INFO]: View Distance: 10
[11:09:26] [Server thread/INFO]: Nerfing mobs spawned from spawners: false
[11:09:26] [Server thread/INFO]: Mob Spawn Range: 6
[11:09:26] [Server thread/INFO]: Cactus Growth Modifier: 100%
[11:09:26] [Server thread/INFO]: Cane Growth Modifier: 100%
[11:09:26] [Server thread/INFO]: Melon Growth Modifier: 100%
[11:09:26] [Server thread/INFO]: Mushroom Growth Modifier: 100%
[11:09:26] [Server thread/INFO]: Pumpkin Growth Modifier: 100%
[11:09:26] [Server thread/INFO]: Sapling Growth Modifier: 100%
[11:09:26] [Server thread/INFO]: Wheat Growth Modifier: 100%
[11:09:26] [Server thread/INFO]: NetherWart Growth Modifier: 100%
[11:09:26] [Server thread/INFO]: Vine Growth Modifier: 100%
[11:09:26] [Server thread/INFO]: Cocoa Growth Modifier: 100%
[11:09:26] [Server thread/INFO]: Entity Activation Range: An 32 / Mo 32 / Mi 16 / Tiv true
[11:09:26] [Server thread/INFO]: Entity Tracking Range: Pl 48 / An 48 / Mo 48 / Mi 32 / Other 64
[11:09:26] [Server thread/INFO]: Hopper Transfer: 8 Hopper Check: 1 Hopper Amount: 1
[11:09:26] [Server thread/INFO]: Random Lighting Updates: false
[11:09:26] [Server thread/INFO]: Custom Map Seeds:  Village: 10387312 Desert: 14357617 Igloo: 14357618 Jungle: 14357619 Swamp: 14357620 Monument: 10387313Ocean: 14357621 Shipwreck: 165745295 Slime: 987234911
[11:09:26] [Server thread/INFO]: Max TNT Explosions: 100
[11:09:26] [Server thread/INFO]: Tile Max Tick Time: 50ms Entity max Tick Time: 50ms
[11:09:26] [Server thread/INFO]: -------- World Settings For [world_nether] --------
[11:09:26] [Server thread/INFO]: Allow Zombie Pigmen to spawn from portal blocks: true
[11:09:26] [Server thread/INFO]: Item Merge Radius: 2.5
[11:09:26] [Server thread/INFO]: Item Despawn Rate: 6000
[11:09:26] [Server thread/INFO]: Zombie Aggressive Towards Villager: true
[11:09:26] [Server thread/INFO]: Experience Merge Radius: 3.0
[11:09:26] [Server thread/INFO]: Arrow Despawn Rate: 1200
[11:09:26] [Server thread/INFO]: View Distance: 10
[11:09:26] [Server thread/INFO]: Nerfing mobs spawned from spawners: false
[11:09:26] [Server thread/INFO]: Mob Spawn Range: 6
[11:09:26] [Server thread/INFO]: Cactus Growth Modifier: 100%
[11:09:26] [Server thread/INFO]: Cane Growth Modifier: 100%
[11:09:26] [Server thread/INFO]: Melon Growth Modifier: 100%
[11:09:26] [Server thread/INFO]: Mushroom Growth Modifier: 100%
[11:09:26] [Server thread/INFO]: Pumpkin Growth Modifier: 100%
[11:09:26] [Server thread/INFO]: Sapling Growth Modifier: 100%
[11:09:26] [Server thread/INFO]: Wheat Growth Modifier: 100%
[11:09:26] [Server thread/INFO]: NetherWart Growth Modifier: 100%
[11:09:26] [Server thread/INFO]: Vine Growth Modifier: 100%
[11:09:26] [Server thread/INFO]: Cocoa Growth Modifier: 100%
[11:09:26] [Server thread/INFO]: Entity Activation Range: An 32 / Mo 32 / Mi 16 / Tiv true
[11:09:26] [Server thread/INFO]: Entity Tracking Range: Pl 48 / An 48 / Mo 48 / Mi 32 / Other 64
[11:09:26] [Server thread/INFO]: Hopper Transfer: 8 Hopper Check: 1 Hopper Amount: 1
[11:09:26] [Server thread/INFO]: Random Lighting Updates: false
[11:09:26] [Server thread/INFO]: Custom Map Seeds:  Village: 10387312 Desert: 14357617 Igloo: 14357618 Jungle: 14357619 Swamp: 14357620 Monument: 10387313Ocean: 14357621 Shipwreck: 165745295 Slime: 987234911
[11:09:26] [Server thread/INFO]: Max TNT Explosions: 100
[11:09:26] [Server thread/INFO]: Tile Max Tick Time: 50ms Entity max Tick Time: 50ms
[11:09:26] [Server thread/INFO]: -------- World Settings For [world_the_end] --------
[11:09:26] [Server thread/INFO]: Allow Zombie Pigmen to spawn from portal blocks: true
[11:09:26] [Server thread/INFO]: Item Merge Radius: 2.5
[11:09:26] [Server thread/INFO]: Item Despawn Rate: 6000
[11:09:26] [Server thread/INFO]: Zombie Aggressive Towards Villager: true
[11:09:26] [Server thread/INFO]: Experience Merge Radius: 3.0
[11:09:26] [Server thread/INFO]: Arrow Despawn Rate: 1200
[11:09:26] [Server thread/INFO]: View Distance: 10
[11:09:26] [Server thread/INFO]: Nerfing mobs spawned from spawners: false
[11:09:26] [Server thread/INFO]: Mob Spawn Range: 6
[11:09:26] [Server thread/INFO]: Cactus Growth Modifier: 100%
[11:09:26] [Server thread/INFO]: Cane Growth Modifier: 100%
[11:09:26] [Server thread/INFO]: Melon Growth Modifier: 100%
[11:09:26] [Server thread/INFO]: Mushroom Growth Modifier: 100%
[11:09:26] [Server thread/INFO]: Pumpkin Growth Modifier: 100%
[11:09:26] [Server thread/INFO]: Sapling Growth Modifier: 100%
[11:09:26] [Server thread/INFO]: Wheat Growth Modifier: 100%
[11:09:26] [Server thread/INFO]: NetherWart Growth Modifier: 100%
[11:09:26] [Server thread/INFO]: Vine Growth Modifier: 100%
[11:09:26] [Server thread/INFO]: Cocoa Growth Modifier: 100%
[11:09:26] [Server thread/INFO]: Entity Activation Range: An 32 / Mo 32 / Mi 16 / Tiv true
[11:09:26] [Server thread/INFO]: Entity Tracking Range: Pl 48 / An 48 / Mo 48 / Mi 32 / Other 64
[11:09:26] [Server thread/INFO]: Hopper Transfer: 8 Hopper Check: 1 Hopper Amount: 1
[11:09:26] [Server thread/INFO]: Random Lighting Updates: false
[11:09:26] [Server thread/INFO]: Custom Map Seeds:  Village: 10387312 Desert: 14357617 Igloo: 14357618 Jungle: 14357619 Swamp: 14357620 Monument: 10387313Ocean: 14357621 Shipwreck: 165745295 Slime: 987234911
[11:09:26] [Server thread/INFO]: Max TNT Explosions: 100
[11:09:26] [Server thread/INFO]: Tile Max Tick Time: 50ms Entity max Tick Time: 50ms
[11:09:26] [Server thread/INFO]: Preparing start region for level minecraft:the_end (Seed: 1927618258149086167)
[11:09:26] [Server thread/INFO]: Preparing spawn area: 4%
[11:09:26] [Server thread/INFO]: Preparing spawn area: 8%
[11:09:26] [Server thread/INFO]: Preparing spawn area: 12%
[11:09:26] [Server thread/INFO]: Preparing spawn area: 16%
[11:09:26] [Server thread/INFO]: Preparing spawn area: 20%
[11:09:26] [Server thread/INFO]: Preparing spawn area: 24%
[11:09:26] [Server thread/INFO]: Preparing spawn area: 28%
[11:09:26] [Server thread/INFO]: Preparing spawn area: 32%
[11:09:27] [Server thread/INFO]: Preparing spawn area: 36%
[11:09:27] [Server thread/INFO]: Preparing spawn area: 40%
[11:09:27] [Server thread/INFO]: Preparing spawn area: 44%
[11:09:27] [Server thread/INFO]: Preparing spawn area: 48%
[11:09:27] [Server thread/INFO]: Preparing spawn area: 52%
[11:09:27] [Server thread/INFO]: Preparing spawn area: 56%
[11:09:27] [Server thread/INFO]: Preparing spawn area: 60%
[11:09:27] [Server thread/INFO]: Preparing spawn area: 64%
[11:09:27] [Server thread/INFO]: Preparing spawn area: 68%
[11:09:27] [Server thread/INFO]: Preparing spawn area: 72%
[11:09:27] [Server thread/INFO]: Preparing spawn area: 76%
[11:09:27] [Server thread/INFO]: Preparing spawn area: 80%
[11:09:27] [Server thread/INFO]: Preparing spawn area: 84%
[11:09:27] [Server thread/INFO]: Preparing spawn area: 88%
[11:09:27] [Server thread/INFO]: Preparing spawn area: 92%
[11:09:27] [Server thread/INFO]: Preparing spawn area: 96%
[11:09:27] [Server thread/INFO]: Preparing spawn area: 100%
[11:09:27] [Server thread/INFO]: Preparing start region for level minecraft:the_nether (Seed: 1927618258149086167)
[11:09:27] [Server thread/INFO]: Preparing spawn area: 4%
[11:09:27] [Server thread/INFO]: Preparing spawn area: 8%
[11:09:27] [Server thread/INFO]: Preparing spawn area: 12%
[11:09:27] [Server thread/INFO]: Preparing spawn area: 16%
[11:09:27] [Server thread/INFO]: Preparing spawn area: 20%
[11:09:27] [Server thread/INFO]: Preparing spawn area: 24%
[11:09:27] [Server thread/INFO]: Preparing spawn area: 28%
[11:09:27] [Server thread/INFO]: Preparing spawn area: 32%
[11:09:27] [Server thread/INFO]: Preparing spawn area: 36%
[11:09:27] [Server thread/INFO]: Preparing spawn area: 40%
[11:09:28] [Server thread/INFO]: Preparing spawn area: 44%
[11:09:28] [Server thread/INFO]: Preparing spawn area: 48%
[11:09:28] [Server thread/INFO]: Preparing spawn area: 52%
[11:09:28] [Server thread/INFO]: Preparing spawn area: 56%
[11:09:28] [Server thread/INFO]: Preparing spawn area: 60%
[11:09:28] [Server thread/INFO]: Preparing spawn area: 64%
[11:09:28] [Server thread/INFO]: Preparing spawn area: 68%
[11:09:28] [Server thread/INFO]: Preparing spawn area: 72%
[11:09:28] [Server thread/INFO]: Preparing spawn area: 76%
[11:09:28] [Server thread/INFO]: Preparing spawn area: 80%
[11:09:28] [Server thread/INFO]: Preparing spawn area: 84%
[11:09:28] [Server thread/INFO]: Preparing spawn area: 88%
[11:09:28] [Server thread/INFO]: Preparing spawn area: 92%
[11:09:28] [Server thread/INFO]: Preparing spawn area: 96%
[11:09:28] [Server thread/INFO]: Preparing spawn area: 100%
[11:09:28] [Server thread/INFO]: Preparing start region for level minecraft:overworld (Seed: 1927618258149086167)
[11:09:28] [Server thread/INFO]: Preparing spawn area: 4%
[11:09:28] [Server thread/INFO]: Preparing spawn area: 8%
[11:09:28] [Server thread/INFO]: Preparing spawn area: 12%
[11:09:28] [Server thread/INFO]: Preparing spawn area: 16%
[11:09:28] [Server thread/INFO]: Preparing spawn area: 20%
[11:09:28] [Server thread/INFO]: Preparing spawn area: 24%
[11:09:28] [Server thread/INFO]: Preparing spawn area: 28%
[11:09:28] [Server thread/INFO]: Preparing spawn area: 32%
[11:09:28] [Server thread/INFO]: Preparing spawn area: 36%
[11:09:28] [Server thread/INFO]: Preparing spawn area: 40%
[11:09:29] [Server thread/INFO]: Preparing spawn area: 44%
[11:09:29] [Server thread/INFO]: Preparing spawn area: 48%
[11:09:29] [Server thread/INFO]: Preparing spawn area: 52%
[11:09:29] [Server thread/INFO]: Preparing spawn area: 56%
[11:09:29] [Server thread/INFO]: Preparing spawn area: 60%
[11:09:29] [Server thread/INFO]: Preparing spawn area: 64%
[11:09:29] [Server thread/INFO]: Preparing spawn area: 68%
[11:09:29] [Server thread/INFO]: Preparing spawn area: 72%
[11:09:29] [Server thread/INFO]: Preparing spawn area: 76%
[11:09:29] [Server thread/INFO]: Preparing spawn area: 80%
[11:09:29] [Server thread/INFO]: Preparing spawn area: 84%
[11:09:29] [Server thread/INFO]: Preparing spawn area: 88%
[11:09:29] [Server thread/INFO]: Preparing spawn area: 92%
[11:09:29] [Server thread/INFO]: Preparing spawn area: 96%
[11:09:29] [Server thread/INFO]: Preparing spawn area: 100%
[11:09:29] [Server thread/INFO]: Time elapsed: 2612 ms
[11:09:29] [Server thread/INFO]: Server permissions file permissions.yml is empty, ignoring it
[11:09:29] [Server thread/INFO]: Done (4.214s)! For help, type "help"
[11:11:22] [Server thread/INFO]: Stopping the server
[11:11:22] [Server thread/INFO]: Stopping server
[11:11:22] [Server thread/INFO]: Saving players
[11:11:22] [Server thread/INFO]: Saving worlds
[11:11:22] [Server thread/INFO]: Saving chunks for level 'world_the_end'/minecraft:the_end
[11:11:22] [Server thread/INFO]: Saving chunks for level 'world_nether'/minecraft:the_nether
[11:11:22] [Server thread/INFO]: Saving chunks for level 'world'/minecraft:overworld
